<?xml version="1.0" encoding="UTF-8"?>
<testng-results ignored="0" total="1" passed="1" failed="0" skipped="0">
  <reporter-output>
  </reporter-output>
  <suite started-at="2024-12-13T17:32:07 MST" name="Default suite" finished-at="2024-12-13T17:32:15 MST" duration-ms="8278">
    <groups>
    </groups>
    <test started-at="2024-12-13T17:32:07 MST" name="Default test" finished-at="2024-12-13T17:32:15 MST" duration-ms="8278">
      <class name="Stbatch1.Sincxadmin.Testcases_Signup">
        <test-method is-config="true" signature="setup()[pri:0, instance:Stbatch1.Sincxadmin.Testcases_Signup@1ca3b418]" started-at="2024-12-13T17:32:07 MST" name="setup" finished-at="2024-12-13T17:32:15 MST" duration-ms="7756" status="PASS">
          <reporter-output>
          </reporter-output>
        </test-method> <!-- setup -->
        <test-method signature="TC_001()[pri:0, instance:Stbatch1.Sincxadmin.Testcases_Signup@1ca3b418]" started-at="2024-12-13T17:32:15 MST" name="TC_001" finished-at="2024-12-13T17:32:15 MST" duration-ms="105" status="PASS">
          <reporter-output>
          </reporter-output>
        </test-method> <!-- TC_001 -->
        <test-method is-config="true" signature="teardown()[pri:0, instance:Stbatch1.Sincxadmin.Testcases_Signup@1ca3b418]" started-at="2024-12-13T17:32:15 MST" name="teardown" finished-at="2024-12-13T17:32:15 MST" duration-ms="340" status="PASS">
          <reporter-output>
          </reporter-output>
        </test-method> <!-- teardown -->
      </class> <!-- Stbatch1.Sincxadmin.Testcases_Signup -->
    </test> <!-- Default test -->
  </suite> <!-- Default suite -->
</testng-results>
